<?xml version="1.0" encoding="UTF-8"?>
<testsuite name="com.efub.seminar.springboot.web.UserControllerTest" tests="1" skipped="0" failures="0" errors="0" timestamp="2021-05-28T16:53:00" hostname="LAPTOP-0VR485SQ" time="0.2">
  <properties/>
  <testcase name="사용자없음_예외처리를한다()" classname="com.efub.seminar.springboot.web.UserControllerTest" time="0.2"/>
  <system-out><![CDATA[01:52:56.730 [Test worker] DEBUG org.springframework.test.context.BootstrapUtils - Instantiating CacheAwareContextLoaderDelegate from class [org.springframework.test.context.cache.DefaultCacheAwareContextLoaderDelegate]
01:52:56.746 [Test worker] DEBUG org.springframework.test.context.BootstrapUtils - Instantiating BootstrapContext using constructor [public org.springframework.test.context.support.DefaultBootstrapContext(java.lang.Class,org.springframework.test.context.CacheAwareContextLoaderDelegate)]
01:52:56.817 [Test worker] DEBUG org.springframework.test.context.BootstrapUtils - Instantiating TestContextBootstrapper for test class [com.efub.seminar.springboot.web.UserControllerTest] from class [org.springframework.boot.test.autoconfigure.web.servlet.WebMvcTestContextBootstrapper]
01:52:56.842 [Test worker] INFO org.springframework.boot.test.autoconfigure.web.servlet.WebMvcTestContextBootstrapper - Neither @ContextConfiguration nor @ContextHierarchy found for test class [com.efub.seminar.springboot.web.UserControllerTest], using SpringBootContextLoader
01:52:56.850 [Test worker] DEBUG org.springframework.test.context.support.AbstractContextLoader - Did not detect default resource location for test class [com.efub.seminar.springboot.web.UserControllerTest]: class path resource [com/efub/seminar/springboot/web/UserControllerTest-context.xml] does not exist
01:52:56.851 [Test worker] DEBUG org.springframework.test.context.support.AbstractContextLoader - Did not detect default resource location for test class [com.efub.seminar.springboot.web.UserControllerTest]: class path resource [com/efub/seminar/springboot/web/UserControllerTestContext.groovy] does not exist
01:52:56.852 [Test worker] INFO org.springframework.test.context.support.AbstractContextLoader - Could not detect default resource locations for test class [com.efub.seminar.springboot.web.UserControllerTest]: no resource found for suffixes {-context.xml, Context.groovy}.
01:52:56.854 [Test worker] INFO org.springframework.test.context.support.AnnotationConfigContextLoaderUtils - Could not detect default configuration classes for test class [com.efub.seminar.springboot.web.UserControllerTest]: UserControllerTest does not declare any static, non-private, non-final, nested classes annotated with @Configuration.
01:52:56.969 [Test worker] DEBUG org.springframework.test.context.support.ActiveProfilesUtils - Could not find an 'annotation declaring class' for annotation type [org.springframework.test.context.ActiveProfiles] and class [com.efub.seminar.springboot.web.UserControllerTest]
01:52:57.101 [Test worker] DEBUG org.springframework.context.annotation.ClassPathScanningCandidateComponentProvider - Identified candidate component class: file [C:\Users\서수경\Downloads\테스트 코드 작성법-실습 전 코드\test-practice\build\classes\java\main\com\efub\seminar\springboot\Application.class]
01:52:57.107 [Test worker] INFO org.springframework.boot.test.context.SpringBootTestContextBootstrapper - Found @SpringBootConfiguration com.efub.seminar.springboot.Application for test class com.efub.seminar.springboot.web.UserControllerTest
01:52:57.117 [Test worker] DEBUG org.springframework.boot.test.autoconfigure.web.servlet.WebMvcTestContextBootstrapper - @TestExecutionListeners is not present for class [com.efub.seminar.springboot.web.UserControllerTest]: using defaults.
01:52:57.120 [Test worker] INFO org.springframework.boot.test.autoconfigure.web.servlet.WebMvcTestContextBootstrapper - Loaded default TestExecutionListener class names from location [META-INF/spring.factories]: [org.springframework.boot.test.autoconfigure.restdocs.RestDocsTestExecutionListener, org.springframework.boot.test.autoconfigure.web.client.MockRestServiceServerResetTestExecutionListener, org.springframework.boot.test.autoconfigure.web.servlet.MockMvcPrintOnlyOnFailureTestExecutionListener, org.springframework.boot.test.autoconfigure.web.servlet.WebDriverTestExecutionListener, org.springframework.boot.test.autoconfigure.webservices.client.MockWebServiceServerTestExecutionListener, org.springframework.boot.test.mock.mockito.MockitoTestExecutionListener, org.springframework.boot.test.mock.mockito.ResetMocksTestExecutionListener, org.springframework.test.context.web.ServletTestExecutionListener, org.springframework.test.context.support.DirtiesContextBeforeModesTestExecutionListener, org.springframework.test.context.event.ApplicationEventsTestExecutionListener, org.springframework.test.context.support.DependencyInjectionTestExecutionListener, org.springframework.test.context.support.DirtiesContextTestExecutionListener, org.springframework.test.context.transaction.TransactionalTestExecutionListener, org.springframework.test.context.jdbc.SqlScriptsTestExecutionListener, org.springframework.test.context.event.EventPublishingTestExecutionListener]
01:52:57.159 [Test worker] INFO org.springframework.boot.test.autoconfigure.web.servlet.WebMvcTestContextBootstrapper - Using TestExecutionListeners: [org.springframework.test.context.web.ServletTestExecutionListener@751a995f, org.springframework.test.context.support.DirtiesContextBeforeModesTestExecutionListener@7a275c84, org.springframework.test.context.event.ApplicationEventsTestExecutionListener@37d6bfc0, org.springframework.boot.test.mock.mockito.MockitoTestExecutionListener@e6d73cc, org.springframework.boot.test.autoconfigure.SpringBootDependencyInjectionTestExecutionListener@2f9cc33f, org.springframework.test.context.support.DirtiesContextTestExecutionListener@6f9f7934, org.springframework.test.context.transaction.TransactionalTestExecutionListener@6db5f3b8, org.springframework.test.context.jdbc.SqlScriptsTestExecutionListener@8230ed1, org.springframework.test.context.event.EventPublishingTestExecutionListener@416fa1d1, org.springframework.boot.test.autoconfigure.restdocs.RestDocsTestExecutionListener@552d2611, org.springframework.boot.test.autoconfigure.web.client.MockRestServiceServerResetTestExecutionListener@1747373f, org.springframework.boot.test.autoconfigure.web.servlet.MockMvcPrintOnlyOnFailureTestExecutionListener@782e680, org.springframework.boot.test.autoconfigure.web.servlet.WebDriverTestExecutionListener@3bdfbe88, org.springframework.boot.test.autoconfigure.webservices.client.MockWebServiceServerTestExecutionListener@7fe1a4c, org.springframework.boot.test.mock.mockito.ResetMocksTestExecutionListener@292e3b43]
01:52:57.166 [Test worker] DEBUG org.springframework.test.context.support.AbstractDirtiesContextTestExecutionListener - Before test class: context [DefaultTestContext@11e08b36 testClass = UserControllerTest, testInstance = [null], testMethod = [null], testException = [null], mergedContextConfiguration = [WebMergedContextConfiguration@7b1b827b testClass = UserControllerTest, locations = '{}', classes = '{class com.efub.seminar.springboot.Application}', contextInitializerClasses = '[]', activeProfiles = '{}', propertySourceLocations = '{}', propertySourceProperties = '{org.springframework.boot.test.autoconfigure.web.servlet.WebMvcTestContextBootstrapper=true}', contextCustomizers = set[org.springframework.boot.test.autoconfigure.OverrideAutoConfigurationContextCustomizerFactory$DisableAutoConfigurationContextCustomizer@e9e94d6, org.springframework.boot.test.autoconfigure.actuate.metrics.MetricsExportContextCustomizerFactory$DisableMetricExportContextCustomizer@55be19f9, org.springframework.boot.test.autoconfigure.filter.TypeExcludeFiltersContextCustomizer@e7e37826, org.springframework.boot.test.autoconfigure.properties.PropertyMappingContextCustomizer@ce21cf1d, org.springframework.boot.test.autoconfigure.web.servlet.WebDriverContextCustomizerFactory$Customizer@60c1384d, [ImportsContextCustomizer@4763ea0 key = [org.springframework.boot.autoconfigure.cache.CacheAutoConfiguration, org.springframework.boot.autoconfigure.context.MessageSourceAutoConfiguration, org.springframework.boot.autoconfigure.data.web.SpringDataWebAutoConfiguration, org.springframework.boot.autoconfigure.freemarker.FreeMarkerAutoConfiguration, org.springframework.boot.autoconfigure.groovy.template.GroovyTemplateAutoConfiguration, org.springframework.boot.autoconfigure.gson.GsonAutoConfiguration, org.springframework.boot.autoconfigure.hateoas.HypermediaAutoConfiguration, org.springframework.boot.autoconfigure.http.HttpMessageConvertersAutoConfiguration, org.springframework.boot.autoconfigure.jackson.JacksonAutoConfiguration, org.springframework.boot.autoconfigure.jsonb.JsonbAutoConfiguration, org.springframework.boot.autoconfigure.mustache.MustacheAutoConfiguration, org.springframework.boot.autoconfigure.task.TaskExecutionAutoConfiguration, org.springframework.boot.autoconfigure.thymeleaf.ThymeleafAutoConfiguration, org.springframework.boot.autoconfigure.validation.ValidationAutoConfiguration, org.springframework.boot.autoconfigure.web.servlet.error.ErrorMvcAutoConfiguration, org.springframework.boot.autoconfigure.web.servlet.HttpEncodingAutoConfiguration, org.springframework.boot.autoconfigure.web.servlet.WebMvcAutoConfiguration, org.springframework.boot.test.autoconfigure.web.servlet.MockMvcAutoConfiguration, org.springframework.boot.test.autoconfigure.web.servlet.MockMvcWebClientAutoConfiguration, org.springframework.boot.test.autoconfigure.web.servlet.MockMvcWebDriverAutoConfiguration, org.springframework.boot.autoconfigure.security.oauth2.client.servlet.OAuth2ClientAutoConfiguration, org.springframework.boot.autoconfigure.security.oauth2.resource.servlet.OAuth2ResourceServerAutoConfiguration, org.springframework.boot.autoconfigure.security.servlet.SecurityAutoConfiguration, org.springframework.boot.autoconfigure.security.servlet.SecurityFilterAutoConfiguration, org.springframework.boot.autoconfigure.security.servlet.UserDetailsServiceAutoConfiguration, org.springframework.boot.test.autoconfigure.web.servlet.MockMvcSecurityConfiguration]], org.springframework.boot.test.context.filter.ExcludeFilterContextCustomizer@7226ddfc, org.springframework.boot.test.json.DuplicateJsonObjectContextCustomizerFactory$DuplicateJsonObjectContextCustomizer@102f9ebf, org.springframework.boot.test.mock.mockito.MockitoContextCustomizer@8b0dd4cf, org.springframework.boot.test.context.SpringBootTestArgs@1, org.springframework.boot.test.context.SpringBootTestWebEnvironment@0], resourceBasePath = 'src/main/webapp', contextLoader = 'org.springframework.boot.test.context.SpringBootContextLoader', parent = [null]], attributes = map[[empty]]], class annotated with @DirtiesContext [false] with mode [null].
01:52:57.218 [Test worker] DEBUG org.springframework.test.context.support.TestPropertySourceUtils - Adding inlined properties to environment: {spring.jmx.enabled=false, org.springframework.boot.test.autoconfigure.web.servlet.WebMvcTestContextBootstrapper=true}

  .   ____          _            __ _ _
 /\\ / ___'_ __ _ _(_)_ __  __ _ \ \ \ \
( ( )\___ | '_ | '_| | '_ \/ _` | \ \ \ \
 \\/  ___)| |_)| | | | | || (_| |  ) ) ) )
  '  |____| .__|_| |_|_| |_\__, | / / / /
 =========|_|==============|___/=/_/_/_/
 :: Spring Boot ::                (v2.4.4)

2021-05-29 01:52:57.811  INFO 19856 --- [    Test worker] c.e.s.springboot.web.UserControllerTest  : Starting UserControllerTest using Java 11.0.11 on LAPTOP-0VR485SQ with PID 19856 (started by 서수경 in C:\Users\서수경\Downloads\테스트 코드 작성법-실습 전 코드\test-practice)
2021-05-29 01:52:57.816  INFO 19856 --- [    Test worker] c.e.s.springboot.web.UserControllerTest  : No active profile set, falling back to default profiles: default
2021-05-29 01:52:59.993  INFO 19856 --- [    Test worker] o.s.s.concurrent.ThreadPoolTaskExecutor  : Initializing ExecutorService 'applicationTaskExecutor'
2021-05-29 01:53:00.484  INFO 19856 --- [    Test worker] o.s.b.t.m.w.SpringBootMockServletContext : Initializing Spring TestDispatcherServlet ''
2021-05-29 01:53:00.485  INFO 19856 --- [    Test worker] o.s.t.web.servlet.TestDispatcherServlet  : Initializing Servlet ''
2021-05-29 01:53:00.489  INFO 19856 --- [    Test worker] o.s.t.web.servlet.TestDispatcherServlet  : Completed initialization in 4 ms
2021-05-29 01:53:00.553  INFO 19856 --- [    Test worker] c.e.s.springboot.web.UserControllerTest  : Started UserControllerTest in 3.308 seconds (JVM running for 5.6)
]]></system-out>
  <system-err><![CDATA[]]></system-err>
</testsuite>
